Arguments: 
  /usr/local/Cellar/node/14.11.0/bin/node /usr/local/Cellar/yarn/1.22.5/libexec/bin/yarn.js add cssnano

PATH: 
  /Users/romainsickenberg/.rvm/gems/ruby-2.7.1/bin:/Users/romainsickenberg/.rvm/gems/ruby-2.7.1@global/bin:/Users/romainsickenberg/.rvm/rubies/ruby-2.7.1/bin:/usr/local/sbin:/Users/romainsickenberg/.pyenv/bin:/Users/romainsickenberg/.local/bin:/Library/Frameworks/Python.framework/Versions/3.8/bin:/usr/local/bin:/usr/bin:/bin:/usr/sbin:/sbin:/usr/local/MacGPG2/bin:/usr/local/share/dotnet:~/.dotnet/tools:/Library/Apple/usr/bin:/Library/Frameworks/Mono.framework/Versions/Current/Commands:/Applications/Wireshark.app/Contents/MacOS:/Users/romainsickenberg/.antigen/bundles/robbyrussell/oh-my-zsh/lib:/Users/romainsickenberg/.antigen/bundles/robbyrussell/oh-my-zsh/plugins/git:/Users/romainsickenberg/.antigen/bundles/zsh-users/zsh-syntax-highlighting:/Users/romainsickenberg/.antigen/bundles/zsh-users/zsh-autosuggestions:/Users/romainsickenberg/.antigen/bundles/zsh-users/zsh-completions:/Users/romainsickenberg/.antigen/bundles/alexrochas/zsh-git-semantic-commits:/Users/romainsickenberg/.antigen/bundles/robbyrussell/oh-my-zsh/plugins/command-not-found:/Users/romainsickenberg/.antigen/bundles/robbyrussell/oh-my-zsh/plugins/colorize:/Users/romainsickenberg/.antigen/bundles/robbyrussell/oh-my-zsh/plugins/docker:/Users/romainsickenberg/.rvm/bin:/Users/romainsickenberg/Library/Python/3.8/bin:/Users/romainsickenberg/.composer/vendor/bin/

Yarn version: 
  1.22.5

Node version: 
  14.11.0

Platform: 
  darwin x64

Trace: 
  Error: https://registry.yarnpkg.com/kind-of/-/kind-of-4.0.0.tgz: ENOENT: no such file or directory, open '/Users/romainsickenberg/Library/Caches/Yarn/v6/npm-kind-of-4.0.0-20813df3d712928b207378691a45066fae72dd57-integrity/node_modules/kind-of/.yarn-tarball.tgz'

npm manifest: 
  {
    "name": "teslacompagnonwebsite",
    "version": "1.0.0",
    "description": "",
    "main": "index.js",
    "scripts": {
      "test": "echo \"Error: no test specified\" && exit 1"
    },
    "author": "Romain Sickenberg <haux49@gmail.com>",
    "license": "ISC",
    "dependencies": {
      "uikit": "^3.5.10",
      "webpack": "^4.44.2",
      "mini-css-extract-plugin": "^0.12.0",
      "css-loader": "^3.6.0",
      "sass-loader": "^8.0.2",
      "style-loader": "^1.3.0",
      "svg-sprite-loader": "^5.0.0",
      "webpack-cli": "^3.3.12"
    }
  }

yarn manifest: 
  No manifest

Lockfile: 
  # THIS IS AN AUTOGENERATED FILE. DO NOT EDIT THIS FILE DIRECTLY.
  # yarn lockfile v1
  
  
  uikit@^3.5.10:
    version "3.5.10"
    resolved "https://registry.yarnpkg.com/uikit/-/uikit-3.5.10.tgz#d7165a5f045a5f5af4dc9c3c670fbb08c9ae8a6d"
    integrity sha512-X+OUD02atmks1yYG9C3FSo1EcQ0xfV0+NCHspTShd2uMKYcC5LiMq6o/MyxBxx2bQSeKXh6Kh8TqQ/v4LWI4Tg==
